<?xml version="1.0" encoding="UTF-8"?>
<!-- Generated by org.testng.reporters.JUnitXMLReporter -->
<testsuite ignored="0" hostname="DESKTOP-BBNIE4R" failures="0" tests="4" name="Test" time="159.738" errors="0" timestamp="2024-11-15T17:17:48 IST">
  <testcase classname="testCases.TC0001_HomePageNavigation" name="verify_Navigation" time="7.98"/>
  <testcase classname="testCases.TC0002_EndToEndTest" name="verify_Carrier" time="23.779"/>
  <testcase classname="testCases.TC0003_SignInTest" name="verify_loginDDT" time="8.588"/>
  <testcase classname="testCases.TC0004_ImageCarousel" name="verify_ImageCarousel" time="7.491"/>
</testsuite> <!-- Test -->
