<?xml version="1.0" encoding="UTF-8"?>
<!-- Generated by org.testng.reporters.JUnitXMLReporter -->
<testsuite ignored="0" hostname="DESKTOP-BBNIE4R" failures="0" tests="4" name="firefoxtest" time="417.548" errors="0" timestamp="2024-11-15T16:06:29 IST">
  <testcase classname="testCases.TC0001_HomePageNavigation" name="verify_Navigation" time="0.0">
    <skipped/>
  </testcase> <!-- verify_Navigation -->
  <testcase classname="testCases.TC0002_EndToEndTest" name="verify_Carrier" time="0.0">
    <skipped/>
  </testcase> <!-- verify_Carrier -->
  <testcase classname="testCases.TC0003_SignInTest" name="verify_loginDDT" time="0.0">
    <skipped/>
  </testcase> <!-- verify_loginDDT -->
  <testcase classname="testCases.TC0004_ImageCarousel" name="verify_ImageCarousel" time="0.0">
    <skipped/>
  </testcase> <!-- verify_ImageCarousel -->
</testsuite> <!-- firefoxtest -->
