<?xml version="1.0" encoding="UTF-8"?>
<testng-results ignored="0" total="1" passed="1" failed="0" skipped="0">
  <reporter-output>
  </reporter-output>
  <suite started-at="2024-11-15T17:13:45 IST" name="Failed suite [Failed suite [Failed suite [Master Suite]]]" finished-at="2024-11-15T17:14:31 IST" duration-ms="46476">
    <groups>
    </groups>
    <test started-at="2024-11-15T17:13:45 IST" name="Test(failed)(failed)(failed)" finished-at="2024-11-15T17:14:31 IST" duration-ms="46476">
      <class name="testCases.TC0004_ImageCarousel">
        <test-method is-config="true" signature="setup(java.lang.String)[pri:0, instance:testCases.TC0004_ImageCarousel@78f5c518]" started-at="2024-11-15T17:13:45 IST" name="setup" finished-at="2024-11-15T17:14:09 IST" duration-ms="24283" status="PASS">
          <params>
            <param index="0">
              <value>
                <![CDATA[chrome]]>
              </value>
            </param>
          </params>
          <reporter-output>
          </reporter-output>
        </test-method> <!-- setup -->
        <test-method signature="verify_ImageCarousel()[pri:0, instance:testCases.TC0004_ImageCarousel@78f5c518]" started-at="2024-11-15T17:14:09 IST" name="verify_ImageCarousel" finished-at="2024-11-15T17:14:31 IST" duration-ms="21482" status="PASS">
          <reporter-output>
          </reporter-output>
        </test-method> <!-- verify_ImageCarousel -->
        <test-method is-config="true" signature="tearDown()[pri:0, instance:testCases.TC0004_ImageCarousel@78f5c518]" started-at="2024-11-15T17:14:31 IST" name="tearDown" finished-at="2024-11-15T17:14:31 IST" duration-ms="463" status="PASS">
          <reporter-output>
          </reporter-output>
        </test-method> <!-- tearDown -->
      </class> <!-- testCases.TC0004_ImageCarousel -->
    </test> <!-- Test(failed)(failed)(failed) -->
  </suite> <!-- Failed suite [Failed suite [Failed suite [Master Suite]]] -->
</testng-results>
